<?xml version="1.0" encoding="UTF-8"?>
<testsuite name="SILab2Test" tests="2" skipped="0" failures="0" errors="0" timestamp="2020-06-13T12:16:16" hostname="DESKTOP-GEJA4D0" time="0.003">
  <properties/>
  <testcase name="functionEveryStatement" classname="SILab2Test" time="0.002"/>
  <testcase name="functionEveryPath" classname="SILab2Test" time="0.001"/>
  <system-out><![CDATA[]]></system-out>
  <system-err><![CDATA[]]></system-err>
</testsuite>
